<?xml version="1.0" encoding="UTF-8"?>
<testng-results ignored="0" total="1" passed="1" failed="0" skipped="0">
  <reporter-output>
  </reporter-output>
  <suite started-at="2023-12-18T18:30:42 IST" name="FREE CRM Application Test Automation Test Suite" finished-at="2023-12-18T18:30:55 IST" duration-ms="12222">
    <groups>
    </groups>
    <test started-at="2023-12-18T18:30:42 IST" name="Free CRM App Test Cases" finished-at="2023-12-18T18:30:55 IST" duration-ms="12222">
      <class name="com.crm.qa.testcases.registerTest">
        <test-method is-config="true" signature="setUp()[pri:0, instance:com.crm.qa.testcases.registerTest@6e20b53a]" started-at="2023-12-18T18:30:43 IST" name="setUp" finished-at="2023-12-18T18:30:51 IST" duration-ms="7698" status="PASS">
          <reporter-output>
          </reporter-output>
        </test-method> <!-- setUp -->
        <test-method signature="Register(java.lang.String,java.lang.String,java.lang.String,java.lang.String,java.lang.String,java.lang.String,java.lang.String,java.lang.String,java.lang.String,java.lang.String,java.lang.String)[pri:0, instance:com.crm.qa.testcases.registerTest@6e20b53a]" started-at="2023-12-18T18:30:51 IST" name="Register" data-provider="getleaveestData" finished-at="2023-12-18T18:30:54 IST" duration-ms="3190" status="PASS">
          <params>
            <param index="0">
              <value>
                <![CDATA[Steve]]>
              </value>
            </param>
            <param index="1">
              <value>
                <![CDATA[Jove]]>
              </value>
            </param>
            <param index="2">
              <value>
                <![CDATA[8.981827284E9]]>
              </value>
            </param>
            <param index="3">
              <value>
                <![CDATA[gachibowli]]>
              </value>
            </param>
            <param index="4">
              <value>
                <![CDATA[Hyderabad]]>
              </value>
            </param>
            <param index="5">
              <value>
                <![CDATA[Telengana]]>
              </value>
            </param>
            <param index="6">
              <value>
                <![CDATA[500032.0]]>
              </value>
            </param>
            <param index="7">
              <value>
                <![CDATA[ALGERIA]]>
              </value>
            </param>
            <param index="8">
              <value>
                <![CDATA[kumar]]>
              </value>
            </param>
            <param index="9">
              <value>
                <![CDATA[11Renew@]]>
              </value>
            </param>
            <param index="10">
              <value>
                <![CDATA[11Renew@]]>
              </value>
            </param>
          </params>
          <reporter-output>
          </reporter-output>
        </test-method> <!-- Register -->
        <test-method is-config="true" signature="tearDown()[pri:0, instance:com.crm.qa.testcases.registerTest@6e20b53a]" started-at="2023-12-18T18:30:54 IST" name="tearDown" finished-at="2023-12-18T18:30:55 IST" duration-ms="393" status="PASS">
          <reporter-output>
          </reporter-output>
        </test-method> <!-- tearDown -->
      </class> <!-- com.crm.qa.testcases.registerTest -->
    </test> <!-- Free CRM App Test Cases -->
  </suite> <!-- FREE CRM Application Test Automation Test Suite -->
</testng-results>
